********************************************************************************
product = WebSphere Application Server 19.0.0.1 (wlp-1.0.24.cl190120190124-2339)
wlp.install.dir = /home/vinic/Documents/Development/bluemix/workspace/VinicJavaCloudant/target/liberty/wlp2/
java.home = /usr/lib/jvm/java-11-openjdk-amd64
java.version = 10.0.2
java.runtime = OpenJDK Runtime Environment (10.0.2+13-Ubuntu-1ubuntu0.18.04.4)
os = Linux (4.18.0-15-generic; amd64) (en_US)
process = 22251@vinic-HP-Pavilion-Sleekbook-14
********************************************************************************
[28/02/19 13:18:20:600 BRT] 00000001 com.ibm.ws.kernel.launch.internal.FrameworkManager           A CWWKE0001I: The server defaultServer has been launched.
[28/02/19 13:18:20:628 BRT] 00000001 com.ibm.ws.kernel.launch.internal.FrameworkManager           A CWWKE0100I: This product is licensed for development, and limited production use. The full license terms can be viewed here: https://public.dhe.ibm.com/ibmdl/export/pub/software/websphere/wasdev/license/base_ilan/ilan/19.0.0.1/lafiles/en.html
[28/02/19 13:18:22:713 BRT] 00000001 com.ibm.ws.kernel.launch.internal.FrameworkManager           I CWWKE0002I: The kernel started after 2,581 seconds
[28/02/19 13:18:22:762 BRT] 0000001b com.ibm.ws.kernel.feature.internal.FeatureManager            I CWWKF0007I: Feature update started.
[28/02/19 13:18:23:934 BRT] 00000014 com.ibm.ws.security.ready.internal.SecurityReadyServiceImpl  I CWWKS0007I: The security service is starting...
[28/02/19 13:18:24:553 BRT] 00000016 com.ibm.ws.ssl.config.WSKeyStore                             I CWPKI0819I: The default keystore is not created because a password is not configured on the <keyStore id="defaultKeyStore"/> element, and the 'keystore_password' environment variable is not set. 
[28/02/19 13:18:24:668 BRT] 00000014 ibm.ws.security.authentication.internal.jaas.JAASServiceImpl I CWWKS1123I: The collective authentication plugin with class name NullCollectiveAuthenticationPlugin has been activated. 
[28/02/19 13:18:24:708 BRT] 00000022 com.ibm.ws.security.token.ltpa.internal.LTPAKeyCreateTask    I CWWKS4105I: LTPA configuration is ready after 0,114 seconds.
[28/02/19 13:18:25:278 BRT] 00000014 com.ibm.ws.app.manager.internal.monitor.DropinMonitor        A CWWKZ0058I: Monitoring dropins for applications.
[28/02/19 13:18:25:578 BRT] 0000001c com.ibm.ws.tcpchannel.internal.TCPChannel                    I CWWKO0219I: TCP Channel defaultHttpEndpoint has been started and is now listening for requests on host *  (IPv6) port 9080.
[28/02/19 13:18:26:900 BRT] 00000014 com.ibm.ws.cache.ServerCache                                 I DYNA1001I: WebSphere Dynamic Cache instance named baseCache initialized successfully.
[28/02/19 13:18:26:903 BRT] 00000014 com.ibm.ws.cache.ServerCache                                 I DYNA1071I: The cache provider default is being used.
[28/02/19 13:18:26:905 BRT] 00000014 com.ibm.ws.cache.CacheServiceImpl                            I DYNA1056I: Dynamic Cache (object cache) initialized successfully.
[28/02/19 13:18:27:766 BRT] 00000022 com.ibm.ws.app.manager.AppMessageHelper                      I CWWKZ0018I: Starting application VinicJavaCloudant.
[28/02/19 13:18:29:173 BRT] 00000022 org.jboss.weld.Version                                       I WELD-000900: 2.4.8 (Final)
[28/02/19 13:18:29:709 BRT] 00000022 com.ibm.ws.session.WASSessionCore                            I SESN8501I: The session manager did not find a persistent storage location; HttpSession objects will be stored in the local application server's memory.
[28/02/19 13:18:29:734 BRT] 00000022 com.ibm.ws.webcontainer.osgi.webapp.WebGroup                 I SRVE0169I: Loading Web Module: Cloudant DB Web Starter.
[28/02/19 13:18:29:736 BRT] 00000022 com.ibm.ws.webcontainer                                      I SRVE0250I: Web Module Cloudant DB Web Starter has been bound to default_host.
[28/02/19 13:18:29:738 BRT] 00000022 com.ibm.ws.http.internal.VirtualHostImpl                     A CWWKT0016I: Web application available (default_host): http://192.168.0.18:9080/JavaCloudantApp/
[28/02/19 13:18:29:758 BRT] 00000022 com.ibm.ws.app.manager.AppMessageHelper                      A CWWKZ0001I: Application VinicJavaCloudant started in 1,985 seconds.
[28/02/19 13:18:29:842 BRT] 0000001b com.ibm.ws.kernel.feature.internal.FeatureManager            A CWWKF0012I: The server installed the following features: [jsp-2.3, ejbLite-3.2, managedBeans-1.0, servlet-3.1, jsf-2.2, beanValidation-1.1, ssl-1.0, jndi-1.0, localConnector-1.0, appSecurity-2.0, jsonp-1.0, jdbc-4.1, jaxrs-2.0, el-3.0, jaxrsClient-2.0, json-1.0, jpaContainer-2.1, cdi-1.2, distributedMap-1.0, webProfile-7.0, websocket-1.1, jpa-2.1].
[28/02/19 13:18:29:843 BRT] 0000001b com.ibm.ws.kernel.feature.internal.FeatureManager            I CWWKF0008I: Feature update completed in 7,132 seconds.
[28/02/19 13:18:29:844 BRT] 0000001b com.ibm.ws.kernel.feature.internal.FeatureManager            A CWWKF0011I: The server defaultServer is ready to run a smarter planet.
[28/02/19 13:18:29:999 BRT] 0000001f com.ibm.ws.session.WASSessionCore                            I SESN0176I: A new session context will be created for application key default_host/JavaCloudantApp
[28/02/19 13:18:30:072 BRT] 0000001f com.ibm.ws.util                                              I SESN0172I: The session manager is using the Java default SecureRandom implementation for session ID generation.
[28/02/19 13:18:30:477 BRT] 0000001f com.ibm.ws.cache.CacheServiceImpl                            I DYNA1056I: Dynamic Cache (object cache) initialized successfully.
[28/02/19 13:18:30:664 BRT] 00000021 com.ibm.ws.webcontainer.osgi.mbeans.PluginGenerator          I SRVE9103I: A configuration file for a web server plugin was automatically generated for this server at /home/vinic/Documents/Development/bluemix/workspace/VinicJavaCloudant/target/liberty/wlp2/usr/servers/defaultServer/logs/state/plugin-cfg.xml.
[28/02/19 13:18:31:068 BRT] 0000001f .ibm.ws.jaxrs.2.0.common:1.0.24.cl190120190124-2339(id=190)] I Setting the server's publish address to be /api/
[28/02/19 13:18:31:386 BRT] 0000001f com.ibm.ws.webcontainer.servlet                              I SRVE0242I: [VinicJavaCloudant] [/JavaCloudantApp] [javax.ws.rs.core.Application]: Initialization successful.
[28/02/19 13:18:41:981 BRT] 00000037 com.ibm.ws.runtime.update.internal.RuntimeUpdateManagerImpl  A CWWKE1100I: Waiting for up to 30 seconds for the server to quiesce.
[28/02/19 13:18:42:000 BRT] 00000031 com.ibm.ws.tcpchannel.internal.TCPChannel                    I CWWKO0220I: TCP Channel defaultHttpEndpoint has stopped listening for requests on host *  (IPv6) port 9080.
[28/02/19 13:18:42:002 BRT] 00000031 com.ibm.ws.http.internal.VirtualHostImpl                     A CWWKT0017I: Web application removed (default_host): http://192.168.0.18:9080/JavaCloudantApp/
[28/02/19 13:18:42:011 BRT] 00000037 com.ibm.ws.runtime.update.internal.RuntimeUpdateManagerImpl  I CWWKE1101I: Server quiesce complete.
[28/02/19 13:18:42:069 BRT] 0000002e com.ibm.ws.webcontainer.servlet                              I SRVE0253I: [VinicJavaCloudant] [/JavaCloudantApp] [javax.ws.rs.core.Application]: Destroy successful.
[28/02/19 13:18:42:089 BRT] 0000002e com.ibm.ws.app.manager.AppMessageHelper                      A CWWKZ0009I: The application VinicJavaCloudant has stopped successfully.
[28/02/19 13:18:42:136 BRT] 00000037 com.ibm.ws.security.ready.internal.SecurityReadyServiceImpl  I CWWKS0009I: The security service has stopped.
[28/02/19 13:18:42:208 BRT] 00000037 ibm.ws.security.authentication.internal.jaas.JAASServiceImpl I CWWKS1124I: The collective authentication plugin with class name NullCollectiveAuthenticationPlugin has been deactivated. 
[28/02/19 13:18:43:052 BRT] 00000001 com.ibm.ws.kernel.launch.internal.FrameworkManager           A CWWKE0036I: The server defaultServer stopped after 22,924 seconds.
